31-Jan-22 13:08:45 - TweetRetreival - INFO - File created ...
Writing to TweetsAndReplies.csv ....
31-Jan-22 13:09:54 - TweetRetreival - INFO - Data Entered 50
31-Jan-22 13:13:12 - TweetRetreival - INFO - Data Entered 50
31-Jan-22 13:14:21 - TweetRetreival - INFO - Data Entered 50
31-Jan-22 13:15:49 - TweetRetreival - INFO - Data Entered 50
31-Jan-22 13:16:48 - TweetRetreival - INFO - Data Entered 50
31-Jan-22 13:17:47 - TweetRetreival - INFO - Data Entered 50
31-Jan-22 13:18:40 - TweetRetreival - INFO - Data Entered 50
31-Jan-22 13:22:08 - TweetRetreival - INFO - Data Entered 50
31-Jan-22 13:23:06 - TweetRetreival - INFO - Data Entered 47
31-Jan-22 13:24:46 - TweetRetreival - INFO - Data Entered 47
31-Jan-22 13:25:48 - TweetRetreival - INFO - Data Entered 49
31-Jan-22 13:26:49 - TweetRetreival - INFO - Data Entered 47
31-Jan-22 13:27:49 - TweetRetreival - INFO - Data Entered 47
31-Jan-22 13:28:49 - TweetRetreival - INFO - Data Entered 47
31-Jan-22 13:29:49 - TweetRetreival - INFO - Data Entered 47
31-Jan-22 13:31:08 - TweetRetreival - INFO - Data Entered 47
31-Jan-22 13:32:08 - TweetRetreival - INFO - Data Entered 50
31-Jan-22 13:33:39 - TweetRetreival - INFO - Data Entered 49
31-Jan-22 13:34:37 - TweetRetreival - INFO - Data Entered 50
31-Jan-22 13:35:26 - TweetRetreival - INFO - Data Entered 50
31-Jan-22 13:36:17 - TweetRetreival - INFO - Data Entered 50
31-Jan-22 13:37:08 - TweetRetreival - INFO - Data Entered 50
31-Jan-22 13:39:34 - TweetRetreival - INFO - Data Entered 50
31-Jan-22 13:41:39 - TweetRetreival - INFO - Data Entered 50
31-Jan-22 13:43:33 - TweetRetreival - INFO - Data Entered 50
31-Jan-22 13:44:52 - TweetRetreival - INFO - Data Entered 50
31-Jan-22 13:45:53 - TweetRetreival - INFO - Data Entered 50
31-Jan-22 13:46:52 - TweetRetreival - INFO - Data Entered 50
31-Jan-22 13:49:17 - TweetRetreival - INFO - Data Entered 50
31-Jan-22 13:50:19 - TweetRetreival - INFO - Data Entered 47
31-Jan-22 13:51:18 - TweetRetreival - INFO - Data Entered 50
31-Jan-22 13:52:29 - TweetRetreival - INFO - Data Entered 46
31-Jan-22 13:54:15 - TweetRetreival - INFO - Data Entered 46
31-Jan-22 13:55:20 - TweetRetreival - INFO - Data Entered 50
31-Jan-22 13:56:24 - TweetRetreival - INFO - Data Entered 50
31-Jan-22 13:57:23 - TweetRetreival - INFO - Data Entered 50
31-Jan-22 13:59:05 - TweetRetreival - INFO - Data Entered 50
31-Jan-22 13:59:54 - TweetRetreival - INFO - Data Entered 50
31-Jan-22 14:00:52 - TweetRetreival - INFO - Data Entered 50
31-Jan-22 14:01:39 - TweetRetreival - INFO - Data Entered 50
31-Jan-22 14:02:38 - TweetRetreival - INFO - Data Entered 50
31-Jan-22 14:03:37 - TweetRetreival - INFO - Data Entered 48
31-Jan-22 14:04:38 - TweetRetreival - INFO - Data Entered 50
31-Jan-22 14:05:44 - TweetRetreival - INFO - Data Entered 49
31-Jan-22 14:06:44 - TweetRetreival - INFO - Data Entered 50
31-Jan-22 14:07:44 - TweetRetreival - INFO - Data Entered 50
31-Jan-22 14:08:43 - TweetRetreival - INFO - Data Entered 50
31-Jan-22 14:09:57 - TweetRetreival - INFO - Data Entered 50
31-Jan-22 14:10:57 - TweetRetreival - INFO - Data Entered 47
31-Jan-22 14:12:09 - TweetRetreival - INFO - Data Entered 50
31-Jan-22 14:13:31 - TweetRetreival - INFO - Data Entered 47
31-Jan-22 14:14:32 - TweetRetreival - INFO - Data Entered 50
31-Jan-22 14:15:32 - TweetRetreival - INFO - Data Entered 46
31-Jan-22 14:16:20 - TweetRetreival - INFO - Data Entered 50
31-Jan-22 14:17:54 - TweetRetreival - INFO - Data Entered 47
31-Jan-22 14:18:54 - TweetRetreival - INFO - Data Entered 50
31-Jan-22 14:19:54 - TweetRetreival - INFO - Data Entered 50
31-Jan-22 14:20:54 - TweetRetreival - INFO - Data Entered 49
31-Jan-22 14:22:39 - TweetRetreival - INFO - Data Entered 50
31-Jan-22 14:23:38 - TweetRetreival - INFO - Data Entered 38
31-Jan-22 14:24:39 - TweetRetreival - INFO - Data Entered 50
31-Jan-22 14:25:36 - TweetRetreival - INFO - Data Entered 50
31-Jan-22 14:26:35 - TweetRetreival - INFO - Data Entered 50
31-Jan-22 14:27:38 - TweetRetreival - INFO - Data Entered 50
31-Jan-22 14:28:38 - TweetRetreival - INFO - Data Entered 44
31-Jan-22 14:29:37 - TweetRetreival - INFO - Data Entered 50
31-Jan-22 14:31:33 - TweetRetreival - INFO - Data Entered 50
31-Jan-22 14:32:50 - TweetRetreival - INFO - Data Entered 50
31-Jan-22 14:34:42 - TweetRetreival - INFO - Data Entered 50
31-Jan-22 14:35:41 - TweetRetreival - INFO - Data Entered 50
31-Jan-22 14:36:39 - TweetRetreival - INFO - Data Entered 47
31-Jan-22 14:37:38 - TweetRetreival - INFO - Data Entered 50
31-Jan-22 14:38:38 - TweetRetreival - INFO - Data Entered 44
31-Jan-22 14:39:38 - TweetRetreival - INFO - Data Entered 50
31-Jan-22 14:40:24 - TweetRetreival - INFO - Data Entered 50
31-Jan-22 14:41:38 - TweetRetreival - INFO - Data Entered 50
31-Jan-22 14:42:22 - TweetRetreival - INFO - Data Entered 50
31-Jan-22 14:43:08 - TweetRetreival - INFO - Data Entered 50
31-Jan-22 14:43:57 - TweetRetreival - INFO - Data Entered 50
31-Jan-22 14:44:43 - TweetRetreival - INFO - Data Entered 50
31-Jan-22 14:45:28 - TweetRetreival - INFO - Data Entered 50
31-Jan-22 14:46:15 - TweetRetreival - INFO - Data Entered 50
31-Jan-22 14:47:01 - TweetRetreival - INFO - Data Entered 50
31-Jan-22 14:47:45 - TweetRetreival - INFO - Data Entered 50
31-Jan-22 14:48:31 - TweetRetreival - INFO - Data Entered 50
31-Jan-22 14:49:49 - TweetRetreival - INFO - Data Entered 50
31-Jan-22 14:50:37 - TweetRetreival - INFO - Data Entered 50
31-Jan-22 14:51:23 - TweetRetreival - INFO - Data Entered 50
31-Jan-22 14:52:21 - TweetRetreival - INFO - Data Entered 44
31-Jan-22 14:54:20 - TweetRetreival - INFO - Data Entered 50
31-Jan-22 14:55:06 - TweetRetreival - INFO - Data Entered 44
31-Jan-22 14:56:27 - TweetRetreival - INFO - Data Entered 50
31-Jan-22 14:57:14 - TweetRetreival - INFO - Data Entered 49
31-Jan-22 14:58:35 - TweetRetreival - INFO - Data Entered 50
31-Jan-22 14:59:20 - TweetRetreival - INFO - Data Entered 50
31-Jan-22 15:00:06 - TweetRetreival - INFO - Data Entered 49
31-Jan-22 15:00:37 - TweetRetreival - INFO - Data Entered 50
31-Jan-22 15:01:58 - TweetRetreival - INFO - Data Entered 50
31-Jan-22 15:02:57 - TweetRetreival - INFO - Data Entered 50
31-Jan-22 15:04:17 - TweetRetreival - INFO - Data Entered 49
31-Jan-22 15:06:53 - TweetRetreival - INFO - Data Entered 48
31-Jan-22 15:08:05 - TweetRetreival - INFO - Data Entered 50
31-Jan-22 15:09:06 - TweetRetreival - INFO - Data Entered 49
31-Jan-22 15:10:07 - TweetRetreival - INFO - Data Entered 48
31-Jan-22 15:11:06 - TweetRetreival - INFO - Data Entered 50
31-Jan-22 15:12:15 - TweetRetreival - INFO - Data Entered 50
31-Jan-22 15:13:14 - TweetRetreival - INFO - Data Entered 49
31-Jan-22 15:14:11 - TweetRetreival - INFO - Data Entered 50
31-Jan-22 15:15:10 - TweetRetreival - INFO - Data Entered 50
31-Jan-22 15:16:08 - TweetRetreival - INFO - Data Entered 48
31-Jan-22 15:17:21 - TweetRetreival - INFO - Data Entered 49
31-Jan-22 15:18:57 - TweetRetreival - INFO - Data Entered 50
31-Jan-22 15:19:56 - TweetRetreival - INFO - Data Entered 50
31-Jan-22 15:21:36 - TweetRetreival - INFO - Data Entered 49
31-Jan-22 15:22:36 - TweetRetreival - INFO - Data Entered 50
31-Jan-22 15:24:17 - TweetRetreival - INFO - Data Entered 50
31-Jan-22 15:25:19 - TweetRetreival - INFO - Data Entered 50
31-Jan-22 15:26:19 - TweetRetreival - INFO - Data Entered 50
31-Jan-22 15:27:19 - TweetRetreival - INFO - Data Entered 50
31-Jan-22 15:28:16 - TweetRetreival - INFO - Data Entered 50
31-Jan-22 15:29:16 - TweetRetreival - INFO - Data Entered 50
31-Jan-22 15:30:07 - TweetRetreival - INFO - Data Entered 50
31-Jan-22 15:30:51 - TweetRetreival - INFO - Data Entered 50
31-Jan-22 15:31:40 - TweetRetreival - INFO - Data Entered 50
31-Jan-22 15:32:39 - TweetRetreival - INFO - Data Entered 50
31-Jan-22 15:34:43 - TweetRetreival - INFO - Data Entered 50
31-Jan-22 15:35:41 - TweetRetreival - INFO - Data Entered 50
31-Jan-22 15:36:40 - TweetRetreival - INFO - Data Entered 50
31-Jan-22 15:37:39 - TweetRetreival - INFO - Data Entered 50
01-Feb-22 00:41:20 - TweetRetreival - INFO - Writing to TweetsAndReplies.csv ....
01-Feb-22 00:42:16 - TweetRetreival - INFO - Data Entered 50
01-Feb-22 00:43:16 - TweetRetreival - INFO - Data Entered 49
01-Feb-22 00:44:18 - TweetRetreival - INFO - Data Entered 49
01-Feb-22 00:45:40 - TweetRetreival - INFO - Data Entered 48
01-Feb-22 00:46:58 - TweetRetreival - INFO - Data Entered 50
01-Feb-22 00:47:58 - TweetRetreival - INFO - Data Entered 48
01-Feb-22 00:48:59 - TweetRetreival - INFO - Data Entered 50
01-Feb-22 00:50:21 - TweetRetreival - INFO - Data Entered 50
01-Feb-22 00:51:16 - TweetRetreival - INFO - Data Entered 50
01-Feb-22 00:52:04 - TweetRetreival - INFO - Data Entered 50
01-Feb-22 00:53:01 - TweetRetreival - INFO - Data Entered 50
01-Feb-22 00:54:02 - TweetRetreival - INFO - Data Entered 49
01-Feb-22 00:55:01 - TweetRetreival - INFO - Data Entered 50
01-Feb-22 00:56:17 - TweetRetreival - INFO - Data Entered 49
01-Feb-22 00:57:18 - TweetRetreival - INFO - Data Entered 49
01-Feb-22 00:58:51 - TweetRetreival - INFO - Data Entered 49
01-Feb-22 00:59:53 - TweetRetreival - INFO - Data Entered 49
01-Feb-22 01:00:51 - TweetRetreival - INFO - Data Entered 49
01-Feb-22 01:01:40 - TweetRetreival - INFO - Data Entered 48
01-Feb-22 01:02:36 - TweetRetreival - INFO - Data Entered 49
01-Feb-22 01:03:36 - TweetRetreival - INFO - Data Entered 48
01-Feb-22 01:04:35 - TweetRetreival - INFO - Data Entered 48
01-Feb-22 01:05:35 - TweetRetreival - INFO - Data Entered 48
01-Feb-22 01:09:14 - TweetRetreival - INFO - Data Entered 50
01-Feb-22 01:10:11 - TweetRetreival - INFO - Data Entered 49
01-Feb-22 01:11:43 - TweetRetreival - INFO - Data Entered 50
01-Feb-22 01:12:44 - TweetRetreival - INFO - Data Entered 50
01-Feb-22 01:14:27 - TweetRetreival - INFO - Data Entered 48
01-Feb-22 01:15:54 - TweetRetreival - INFO - Data Entered 50
01-Feb-22 01:16:55 - TweetRetreival - INFO - Data Entered 50
01-Feb-22 01:18:48 - TweetRetreival - INFO - Data Entered 50
01-Feb-22 01:19:49 - TweetRetreival - INFO - Data Entered 50
01-Feb-22 01:20:48 - TweetRetreival - INFO - Data Entered 50
01-Feb-22 01:22:56 - TweetRetreival - INFO - Data Entered 50
01-Feb-22 01:24:40 - TweetRetreival - INFO - Data Entered 50
01-Feb-22 01:25:55 - TweetRetreival - INFO - Data Entered 50
01-Feb-22 01:26:56 - TweetRetreival - INFO - Data Entered 50
01-Feb-22 01:27:57 - TweetRetreival - INFO - Data Entered 50
01-Feb-22 01:28:56 - TweetRetreival - INFO - Data Entered 50
01-Feb-22 01:29:58 - TweetRetreival - INFO - Data Entered 50
01-Feb-22 01:30:46 - TweetRetreival - INFO - Data Entered 50
01-Feb-22 01:31:34 - TweetRetreival - INFO - Data Entered 49
01-Feb-22 01:32:21 - TweetRetreival - INFO - Data Entered 50
01-Feb-22 01:33:09 - TweetRetreival - INFO - Data Entered 50
01-Feb-22 01:33:56 - TweetRetreival - INFO - Data Entered 50
01-Feb-22 01:34:44 - TweetRetreival - INFO - Data Entered 50
01-Feb-22 01:35:30 - TweetRetreival - INFO - Data Entered 49
01-Feb-22 01:36:19 - TweetRetreival - INFO - Data Entered 48
01-Feb-22 01:37:42 - TweetRetreival - INFO - Data Entered 50
01-Feb-22 01:40:02 - TweetRetreival - INFO - Data Entered 49
01-Feb-22 01:41:42 - TweetRetreival - INFO - Data Entered 50
01-Feb-22 01:42:28 - TweetRetreival - INFO - Data Entered 49
01-Feb-22 01:43:16 - TweetRetreival - INFO - Data Entered 50
01-Feb-22 01:44:16 - TweetRetreival - INFO - Data Entered 49
01-Feb-22 01:45:02 - TweetRetreival - INFO - Data Entered 49
01-Feb-22 01:45:56 - TweetRetreival - INFO - Data Entered 49
01-Feb-22 01:46:43 - TweetRetreival - INFO - Data Entered 49
01-Feb-22 01:47:33 - TweetRetreival - INFO - Data Entered 50
01-Feb-22 01:48:21 - TweetRetreival - INFO - Data Entered 47
01-Feb-22 01:49:43 - TweetRetreival - INFO - Data Entered 50
01-Feb-22 01:51:35 - TweetRetreival - INFO - Data Entered 47
01-Feb-22 01:52:35 - TweetRetreival - INFO - Data Entered 50
01-Feb-22 01:53:36 - TweetRetreival - INFO - Data Entered 49
01-Feb-22 01:55:34 - TweetRetreival - INFO - Data Entered 45
01-Feb-22 01:56:35 - TweetRetreival - INFO - Data Entered 49
01-Feb-22 01:58:19 - TweetRetreival - INFO - Data Entered 50
01-Feb-22 01:59:53 - TweetRetreival - INFO - Data Entered 48
01-Feb-22 02:01:38 - TweetRetreival - INFO - Data Entered 48
01-Feb-22 02:02:22 - TweetRetreival - INFO - Data Entered 47
01-Feb-22 02:05:05 - TweetRetreival - INFO - Data Entered 50
01-Feb-22 02:06:04 - TweetRetreival - INFO - Data Entered 50
01-Feb-22 02:07:04 - TweetRetreival - INFO - Data Entered 50
01-Feb-22 02:08:11 - TweetRetreival - INFO - Data Entered 50
01-Feb-22 02:09:08 - TweetRetreival - INFO - Data Entered 47
01-Feb-22 02:10:09 - TweetRetreival - INFO - Data Entered 50
01-Feb-22 02:11:23 - TweetRetreival - INFO - Data Entered 50
01-Feb-22 02:12:48 - TweetRetreival - INFO - Data Entered 38
01-Feb-22 02:13:56 - TweetRetreival - INFO - Data Entered 38
01-Feb-22 02:14:56 - TweetRetreival - INFO - Data Entered 50
01-Feb-22 02:15:56 - TweetRetreival - INFO - Data Entered 50
01-Feb-22 02:16:51 - TweetRetreival - INFO - Data Entered 50
01-Feb-22 02:17:52 - TweetRetreival - INFO - Data Entered 50
01-Feb-22 02:18:59 - TweetRetreival - INFO - Data Entered 38
01-Feb-22 02:20:00 - TweetRetreival - INFO - Data Entered 50
01-Feb-22 02:21:08 - TweetRetreival - INFO - Data Entered 50
01-Feb-22 02:22:09 - TweetRetreival - INFO - Data Entered 37
01-Feb-22 02:23:57 - TweetRetreival - INFO - Data Entered 50
01-Feb-22 02:24:51 - TweetRetreival - INFO - Data Entered 50
01-Feb-22 02:26:08 - TweetRetreival - INFO - Data Entered 45
01-Feb-22 02:27:08 - TweetRetreival - INFO - Data Entered 47
01-Feb-22 02:28:16 - TweetRetreival - INFO - Data Entered 50
01-Feb-22 02:29:08 - TweetRetreival - INFO - Data Entered 50
01-Feb-22 02:30:39 - TweetRetreival - INFO - Data Entered 50
01-Feb-22 02:31:47 - TweetRetreival - INFO - Data Entered 50
01-Feb-22 02:32:33 - TweetRetreival - INFO - Data Entered 47
01-Feb-22 02:33:51 - TweetRetreival - INFO - Data Entered 45
01-Feb-22 02:35:22 - TweetRetreival - INFO - Data Entered 37
01-Feb-22 02:36:09 - TweetRetreival - INFO - Data Entered 45
01-Feb-22 02:37:01 - TweetRetreival - INFO - Data Entered 50
01-Feb-22 02:38:12 - TweetRetreival - INFO - Data Entered 50
01-Feb-22 02:38:56 - TweetRetreival - INFO - Data Entered 47
01-Feb-22 02:39:41 - TweetRetreival - INFO - Data Entered 50
01-Feb-22 02:42:51 - TweetRetreival - INFO - Data Entered 50
01-Feb-22 02:45:11 - TweetRetreival - INFO - Data Entered 50
01-Feb-22 02:46:10 - TweetRetreival - INFO - Data Entered 50
01-Feb-22 02:47:11 - TweetRetreival - INFO - Data Entered 50
01-Feb-22 02:48:11 - TweetRetreival - INFO - Data Entered 37
01-Feb-22 02:49:11 - TweetRetreival - INFO - Data Entered 50
01-Feb-22 02:51:05 - TweetRetreival - INFO - Data Entered 50
01-Feb-22 02:52:05 - TweetRetreival - INFO - Data Entered 50
01-Feb-22 02:53:43 - TweetRetreival - INFO - Data Entered 50
01-Feb-22 02:55:42 - TweetRetreival - INFO - Data Entered 37
01-Feb-22 02:56:41 - TweetRetreival - INFO - Data Entered 50
01-Feb-22 02:57:40 - TweetRetreival - INFO - Data Entered 47
01-Feb-22 02:58:40 - TweetRetreival - INFO - Data Entered 50
01-Feb-22 02:59:40 - TweetRetreival - INFO - Data Entered 47
01-Feb-22 03:00:50 - TweetRetreival - INFO - Data Entered 50
01-Feb-22 03:01:47 - TweetRetreival - INFO - Data Entered 45
01-Feb-22 03:03:11 - TweetRetreival - INFO - Data Entered 47
01-Feb-22 03:05:27 - TweetRetreival - INFO - Data Entered 50
01-Feb-22 03:06:25 - TweetRetreival - INFO - Data Entered 50
01-Feb-22 03:07:24 - TweetRetreival - INFO - Data Entered 50
01-Feb-22 03:08:10 - TweetRetreival - INFO - Data Entered 50
01-Feb-22 03:08:54 - TweetRetreival - INFO - Data Entered 45
01-Feb-22 03:09:43 - TweetRetreival - INFO - Data Entered 50
01-Feb-22 03:10:31 - TweetRetreival - INFO - Data Entered 50
01-Feb-22 03:11:29 - TweetRetreival - INFO - Data Entered 45
01-Feb-22 03:13:05 - TweetRetreival - INFO - Data Entered 50
01-Feb-22 03:14:05 - TweetRetreival - INFO - Data Entered 47
01-Feb-22 03:15:05 - TweetRetreival - INFO - Data Entered 47
01-Feb-22 03:16:15 - TweetRetreival - INFO - Data Entered 47
01-Feb-22 03:17:55 - TweetRetreival - INFO - Data Entered 45
01-Feb-22 03:18:55 - TweetRetreival - INFO - Data Entered 50
01-Feb-22 03:19:54 - TweetRetreival - INFO - Data Entered 50
01-Feb-22 03:21:08 - TweetRetreival - INFO - Data Entered 50
01-Feb-22 03:22:09 - TweetRetreival - INFO - Data Entered 50
01-Feb-22 03:23:52 - TweetRetreival - INFO - Data Entered 50
01-Feb-22 03:26:18 - TweetRetreival - INFO - Data Entered 45
01-Feb-22 03:28:23 - TweetRetreival - INFO - Data Entered 36
01-Feb-22 03:29:22 - TweetRetreival - INFO - Data Entered 47
01-Feb-22 03:30:21 - TweetRetreival - INFO - Data Entered 49
01-Feb-22 03:31:47 - TweetRetreival - INFO - Data Entered 47
01-Feb-22 03:32:46 - TweetRetreival - INFO - Data Entered 50
01-Feb-22 03:35:12 - TweetRetreival - INFO - Data Entered 50
01-Feb-22 03:36:11 - TweetRetreival - INFO - Data Entered 50
01-Feb-22 03:37:31 - TweetRetreival - INFO - Data Entered 47
01-Feb-22 03:38:58 - TweetRetreival - INFO - Data Entered 49
01-Feb-22 03:39:57 - TweetRetreival - INFO - Data Entered 47
01-Feb-22 03:40:57 - TweetRetreival - INFO - Data Entered 50
01-Feb-22 03:41:56 - TweetRetreival - INFO - Data Entered 50
01-Feb-22 03:42:49 - TweetRetreival - INFO - Data Entered 50
01-Feb-22 03:43:48 - TweetRetreival - INFO - Data Entered 45
01-Feb-22 03:44:48 - TweetRetreival - INFO - Data Entered 50
01-Feb-22 03:45:48 - TweetRetreival - INFO - Data Entered 50
01-Feb-22 03:47:24 - TweetRetreival - INFO - Data Entered 50
01-Feb-22 03:49:07 - TweetRetreival - INFO - Data Entered 50
01-Feb-22 03:50:22 - TweetRetreival - INFO - Data Entered 50
01-Feb-22 03:51:21 - TweetRetreival - INFO - Data Entered 47
01-Feb-22 03:52:18 - TweetRetreival - INFO - Data Entered 47
01-Feb-22 03:54:07 - TweetRetreival - INFO - Data Entered 47
01-Feb-22 03:55:06 - TweetRetreival - INFO - Data Entered 50
01-Feb-22 03:56:42 - TweetRetreival - INFO - Data Entered 50
01-Feb-22 03:57:41 - TweetRetreival - INFO - Data Entered 50
01-Feb-22 03:58:41 - TweetRetreival - INFO - Data Entered 47
01-Feb-22 03:59:38 - TweetRetreival - INFO - Data Entered 50
01-Feb-22 04:00:38 - TweetRetreival - INFO - Data Entered 50
01-Feb-22 04:01:36 - TweetRetreival - INFO - Data Entered 50
01-Feb-22 04:02:34 - TweetRetreival - INFO - Data Entered 47
01-Feb-22 04:03:56 - TweetRetreival - INFO - Data Entered 50
01-Feb-22 04:04:56 - TweetRetreival - INFO - Data Entered 50
01-Feb-22 04:05:55 - TweetRetreival - INFO - Data Entered 50
01-Feb-22 04:06:55 - TweetRetreival - INFO - Data Entered 50
01-Feb-22 04:07:54 - TweetRetreival - INFO - Data Entered 49
01-Feb-22 04:11:21 - TweetRetreival - INFO - Data Entered 50
01-Feb-22 04:12:55 - TweetRetreival - INFO - Data Entered 50
01-Feb-22 04:14:48 - TweetRetreival - INFO - Data Entered 50
01-Feb-22 04:16:26 - TweetRetreival - INFO - Data Entered 49
01-Feb-22 04:17:25 - TweetRetreival - INFO - Data Entered 49
01-Feb-22 04:18:25 - TweetRetreival - INFO - Data Entered 49
01-Feb-22 04:19:51 - TweetRetreival - INFO - Data Entered 45
01-Feb-22 04:21:26 - TweetRetreival - INFO - Data Entered 50
01-Feb-22 04:22:23 - TweetRetreival - INFO - Data Entered 45
01-Feb-22 04:23:22 - TweetRetreival - INFO - Data Entered 50
01-Feb-22 04:24:22 - TweetRetreival - INFO - Data Entered 50
01-Feb-22 04:25:21 - TweetRetreival - INFO - Data Entered 49
01-Feb-22 04:26:21 - TweetRetreival - INFO - Data Entered 49
01-Feb-22 04:27:21 - TweetRetreival - INFO - Data Entered 50
01-Feb-22 04:28:21 - TweetRetreival - INFO - Data Entered 50
01-Feb-22 04:29:46 - TweetRetreival - INFO - Data Entered 50
01-Feb-22 04:30:44 - TweetRetreival - INFO - Data Entered 47
01-Feb-22 04:31:44 - TweetRetreival - INFO - Data Entered 50
01-Feb-22 04:32:44 - TweetRetreival - INFO - Data Entered 50
01-Feb-22 04:33:44 - TweetRetreival - INFO - Data Entered 50
01-Feb-22 04:34:43 - TweetRetreival - INFO - Data Entered 49
01-Feb-22 04:36:21 - TweetRetreival - INFO - Data Entered 50
01-Feb-22 04:37:26 - TweetRetreival - INFO - Data Entered 50
01-Feb-22 04:38:28 - TweetRetreival - INFO - Data Entered 50
01-Feb-22 04:39:25 - TweetRetreival - INFO - Data Entered 50
01-Feb-22 04:40:25 - TweetRetreival - INFO - Data Entered 50
01-Feb-22 04:41:37 - TweetRetreival - INFO - Data Entered 50
01-Feb-22 04:42:37 - TweetRetreival - INFO - Data Entered 50
01-Feb-22 04:43:37 - TweetRetreival - INFO - Data Entered 47
01-Feb-22 04:44:36 - TweetRetreival - INFO - Data Entered 47
01-Feb-22 04:45:34 - TweetRetreival - INFO - Data Entered 50
01-Feb-22 04:46:59 - TweetRetreival - INFO - Data Entered 47
01-Feb-22 04:47:58 - TweetRetreival - INFO - Data Entered 47
01-Feb-22 04:48:40 - TweetRetreival - INFO - Data Entered 50
01-Feb-22 04:49:37 - TweetRetreival - INFO - Data Entered 50
01-Feb-22 04:50:37 - TweetRetreival - INFO - Data Entered 49
01-Feb-22 04:51:37 - TweetRetreival - INFO - Data Entered 47
01-Feb-22 04:52:37 - TweetRetreival - INFO - Data Entered 47
01-Feb-22 04:53:37 - TweetRetreival - INFO - Data Entered 50
01-Feb-22 04:54:38 - TweetRetreival - INFO - Data Entered 49
01-Feb-22 04:56:41 - TweetRetreival - INFO - Data Entered 49
01-Feb-22 04:58:08 - TweetRetreival - INFO - Data Entered 49
01-Feb-22 04:59:34 - TweetRetreival - INFO - Data Entered 47
01-Feb-22 05:00:43 - TweetRetreival - INFO - Data Entered 50
01-Feb-22 05:01:44 - TweetRetreival - INFO - Data Entered 50
01-Feb-22 05:02:43 - TweetRetreival - INFO - Data Entered 47
01-Feb-22 05:03:42 - TweetRetreival - INFO - Data Entered 50
01-Feb-22 05:04:41 - TweetRetreival - INFO - Data Entered 50
01-Feb-22 05:05:41 - TweetRetreival - INFO - Data Entered 49
01-Feb-22 05:07:50 - TweetRetreival - INFO - Data Entered 50
01-Feb-22 05:09:12 - TweetRetreival - INFO - Data Entered 47
01-Feb-22 05:10:12 - TweetRetreival - INFO - Data Entered 50
01-Feb-22 05:11:12 - TweetRetreival - INFO - Data Entered 49
01-Feb-22 05:12:11 - TweetRetreival - INFO - Data Entered 47
01-Feb-22 05:13:12 - TweetRetreival - INFO - Data Entered 50
01-Feb-22 05:14:10 - TweetRetreival - INFO - Data Entered 50
01-Feb-22 05:15:38 - TweetRetreival - INFO - Data Entered 47
01-Feb-22 05:17:00 - TweetRetreival - INFO - Data Entered 47
01-Feb-22 05:18:28 - TweetRetreival - INFO - Data Entered 50
01-Feb-22 05:19:28 - TweetRetreival - INFO - Data Entered 50
01-Feb-22 05:20:27 - TweetRetreival - INFO - Data Entered 50
01-Feb-22 05:21:55 - TweetRetreival - INFO - Data Entered 49
01-Feb-22 05:23:19 - TweetRetreival - INFO - Data Entered 50
01-Feb-22 05:24:19 - TweetRetreival - INFO - Data Entered 50
01-Feb-22 05:25:18 - TweetRetreival - INFO - Data Entered 50
01-Feb-22 05:26:18 - TweetRetreival - INFO - Data Entered 48
01-Feb-22 05:27:17 - TweetRetreival - INFO - Data Entered 47
01-Feb-22 05:29:06 - TweetRetreival - INFO - Data Entered 50
01-Feb-22 05:29:49 - TweetRetreival - INFO - Data Entered 50
01-Feb-22 05:30:34 - TweetRetreival - INFO - Data Entered 50
01-Feb-22 05:31:19 - TweetRetreival - INFO - Data Entered 50
01-Feb-22 05:32:04 - TweetRetreival - INFO - Data Entered 50
01-Feb-22 05:32:48 - TweetRetreival - INFO - Data Entered 50
01-Feb-22 05:34:02 - TweetRetreival - INFO - Data Entered 48
01-Feb-22 05:34:44 - TweetRetreival - INFO - Data Entered 50
01-Feb-22 05:35:29 - TweetRetreival - INFO - Data Entered 47
01-Feb-22 05:36:13 - TweetRetreival - INFO - Data Entered 50
01-Feb-22 05:37:09 - TweetRetreival - INFO - Data Entered 50
01-Feb-22 05:38:08 - TweetRetreival - INFO - Data Entered 50
01-Feb-22 05:39:04 - TweetRetreival - INFO - Data Entered 50
01-Feb-22 05:39:49 - TweetRetreival - INFO - Data Entered 47
01-Feb-22 05:40:33 - TweetRetreival - INFO - Data Entered 50
01-Feb-22 05:42:08 - TweetRetreival - INFO - Data Entered 50
01-Feb-22 05:42:53 - TweetRetreival - INFO - Data Entered 50
01-Feb-22 05:43:37 - TweetRetreival - INFO - Data Entered 50
01-Feb-22 05:44:19 - TweetRetreival - INFO - Data Entered 36
01-Feb-22 05:45:05 - TweetRetreival - INFO - Data Entered 50
01-Feb-22 05:45:52 - TweetRetreival - INFO - Data Entered 50
01-Feb-22 05:46:37 - TweetRetreival - INFO - Data Entered 50
01-Feb-22 05:47:21 - TweetRetreival - INFO - Data Entered 50
01-Feb-22 05:48:08 - TweetRetreival - INFO - Data Entered 50
01-Feb-22 05:49:43 - TweetRetreival - INFO - Data Entered 50
01-Feb-22 05:50:42 - TweetRetreival - INFO - Data Entered 50
01-Feb-22 05:51:42 - TweetRetreival - INFO - Data Entered 50
01-Feb-22 05:52:41 - TweetRetreival - INFO - Data Entered 50
01-Feb-22 05:53:40 - TweetRetreival - INFO - Data Entered 50
01-Feb-22 05:54:40 - TweetRetreival - INFO - Data Entered 50
01-Feb-22 05:55:41 - TweetRetreival - INFO - Data Entered 50
01-Feb-22 05:56:42 - TweetRetreival - INFO - Data Entered 35
01-Feb-22 05:58:18 - TweetRetreival - INFO - Data Entered 50
01-Feb-22 05:59:18 - TweetRetreival - INFO - Data Entered 50
01-Feb-22 06:00:18 - TweetRetreival - INFO - Data Entered 48
01-Feb-22 06:01:17 - TweetRetreival - INFO - Data Entered 50
01-Feb-22 06:02:27 - TweetRetreival - INFO - Data Entered 50
01-Feb-22 06:03:28 - TweetRetreival - INFO - Data Entered 38
01-Feb-22 06:05:00 - TweetRetreival - INFO - Data Entered 50
01-Feb-22 06:05:43 - TweetRetreival - INFO - Data Entered 50
01-Feb-22 06:06:27 - TweetRetreival - INFO - Data Entered 50
01-Feb-22 06:07:12 - TweetRetreival - INFO - Data Entered 50
01-Feb-22 06:07:57 - TweetRetreival - INFO - Data Entered 49
01-Feb-22 06:08:56 - TweetRetreival - INFO - Data Entered 50
01-Feb-22 06:09:57 - TweetRetreival - INFO - Data Entered 50
01-Feb-22 06:10:57 - TweetRetreival - INFO - Data Entered 50
01-Feb-22 06:12:00 - TweetRetreival - INFO - Data Entered 49
01-Feb-22 06:13:36 - TweetRetreival - INFO - Data Entered 49
01-Feb-22 06:14:38 - TweetRetreival - INFO - Data Entered 49
01-Feb-22 06:15:38 - TweetRetreival - INFO - Data Entered 50
01-Feb-22 06:16:38 - TweetRetreival - INFO - Data Entered 50
01-Feb-22 06:18:12 - TweetRetreival - INFO - Data Entered 50
01-Feb-22 06:19:00 - TweetRetreival - INFO - Data Entered 47
01-Feb-22 06:21:15 - TweetRetreival - INFO - Data Entered 50
01-Feb-22 06:22:17 - TweetRetreival - INFO - Data Entered 50
01-Feb-22 06:23:26 - TweetRetreival - INFO - Data Entered 50
01-Feb-22 06:24:16 - TweetRetreival - INFO - Data Entered 50
01-Feb-22 06:25:01 - TweetRetreival - INFO - Data Entered 48
01-Feb-22 06:25:47 - TweetRetreival - INFO - Data Entered 48
01-Feb-22 06:26:57 - TweetRetreival - INFO - Data Entered 48
01-Feb-22 06:27:42 - TweetRetreival - INFO - Data Entered 48
01-Feb-22 06:28:54 - TweetRetreival - INFO - Data Entered 48
01-Feb-22 06:29:36 - TweetRetreival - INFO - Data Entered 37
01-Feb-22 06:30:31 - TweetRetreival - INFO - Data Entered 50
01-Feb-22 06:31:33 - TweetRetreival - INFO - Data Entered 48
01-Feb-22 06:32:59 - TweetRetreival - INFO - Data Entered 50
01-Feb-22 06:34:36 - TweetRetreival - INFO - Data Entered 50
01-Feb-22 06:35:28 - TweetRetreival - INFO - Data Entered 50
01-Feb-22 06:38:54 - TweetRetreival - INFO - Data Entered 50
01-Feb-22 06:40:28 - TweetRetreival - INFO - Data Entered 50
01-Feb-22 06:41:49 - TweetRetreival - INFO - Data Entered 36
01-Feb-22 06:42:49 - TweetRetreival - INFO - Data Entered 36
01-Feb-22 06:46:09 - TweetRetreival - INFO - Data Entered 47
01-Feb-22 06:48:38 - TweetRetreival - INFO - Data Entered 36
01-Feb-22 06:49:37 - TweetRetreival - INFO - Data Entered 50
01-Feb-22 11:04:23 - TweetRetreival - INFO - Writing to TweetsAndReplies.csv ....
01-Feb-22 11:05:05 - TweetRetreival - INFO - Data Entered 49
01-Feb-22 11:05:50 - TweetRetreival - INFO - Data Entered 48
01-Feb-22 11:06:33 - TweetRetreival - INFO - Data Entered 49
01-Feb-22 11:07:21 - TweetRetreival - INFO - Data Entered 50
01-Feb-22 11:08:36 - TweetRetreival - INFO - Data Entered 50
01-Feb-22 11:09:38 - TweetRetreival - INFO - Data Entered 48
01-Feb-22 11:11:15 - TweetRetreival - INFO - Data Entered 50
01-Feb-22 11:12:14 - TweetRetreival - INFO - Data Entered 48
01-Feb-22 11:13:36 - TweetRetreival - INFO - Data Entered 49
01-Feb-22 11:14:38 - TweetRetreival - INFO - Data Entered 50
01-Feb-22 11:17:15 - TweetRetreival - INFO - Data Entered 50
01-Feb-22 11:18:22 - TweetRetreival - INFO - Data Entered 50
01-Feb-22 11:21:40 - TweetRetreival - INFO - Data Entered 50
01-Feb-22 11:22:39 - TweetRetreival - INFO - Data Entered 50
01-Feb-22 11:23:38 - TweetRetreival - INFO - Data Entered 50
01-Feb-22 11:24:39 - TweetRetreival - INFO - Data Entered 50
01-Feb-22 11:25:30 - TweetRetreival - INFO - Data Entered 49
01-Feb-22 11:27:12 - TweetRetreival - INFO - Data Entered 49
01-Feb-22 11:28:25 - TweetRetreival - INFO - Data Entered 49
01-Feb-22 11:30:02 - TweetRetreival - INFO - Data Entered 50
01-Feb-22 11:31:05 - TweetRetreival - INFO - Data Entered 50
01-Feb-22 11:32:41 - TweetRetreival - INFO - Data Entered 50
01-Feb-22 11:33:39 - TweetRetreival - INFO - Data Entered 50
01-Feb-22 11:34:41 - TweetRetreival - INFO - Data Entered 50
01-Feb-22 11:35:43 - TweetRetreival - INFO - Data Entered 49
01-Feb-22 11:36:44 - TweetRetreival - INFO - Data Entered 49
01-Feb-22 11:37:45 - TweetRetreival - INFO - Data Entered 50
01-Feb-22 11:38:51 - TweetRetreival - INFO - Data Entered 50
01-Feb-22 11:39:50 - TweetRetreival - INFO - Data Entered 48
01-Feb-22 11:40:47 - TweetRetreival - INFO - Data Entered 50
01-Feb-22 11:42:06 - TweetRetreival - INFO - Data Entered 50
01-Feb-22 11:43:10 - TweetRetreival - INFO - Data Entered 50
01-Feb-22 11:44:11 - TweetRetreival - INFO - Data Entered 50
01-Feb-22 11:45:12 - TweetRetreival - INFO - Data Entered 50
01-Feb-22 11:46:12 - TweetRetreival - INFO - Data Entered 49
01-Feb-22 11:49:55 - TweetRetreival - INFO - Data Entered 50
01-Feb-22 11:51:00 - TweetRetreival - INFO - Data Entered 50
01-Feb-22 11:51:59 - TweetRetreival - INFO - Data Entered 50
01-Feb-22 11:53:50 - TweetRetreival - INFO - Data Entered 48
01-Feb-22 11:55:15 - TweetRetreival - INFO - Data Entered 50
01-Feb-22 11:57:22 - TweetRetreival - INFO - Data Entered 49
01-Feb-22 11:58:22 - TweetRetreival - INFO - Data Entered 50
01-Feb-22 11:59:21 - TweetRetreival - INFO - Data Entered 49
01-Feb-22 12:00:41 - TweetRetreival - INFO - Data Entered 50
01-Feb-22 12:02:55 - TweetRetreival - INFO - Data Entered 49
01-Feb-22 12:04:13 - TweetRetreival - INFO - Data Entered 49
01-Feb-22 12:05:50 - TweetRetreival - INFO - Data Entered 49
01-Feb-22 12:06:51 - TweetRetreival - INFO - Data Entered 50
01-Feb-22 12:07:52 - TweetRetreival - INFO - Data Entered 48
01-Feb-22 12:08:57 - TweetRetreival - INFO - Data Entered 50
01-Feb-22 12:09:57 - TweetRetreival - INFO - Data Entered 50
01-Feb-22 12:11:28 - TweetRetreival - INFO - Data Entered 48
01-Feb-22 12:12:29 - TweetRetreival - INFO - Data Entered 50
01-Feb-22 12:13:22 - TweetRetreival - INFO - Data Entered 50
01-Feb-22 12:14:37 - TweetRetreival - INFO - Data Entered 50
01-Feb-22 12:15:59 - TweetRetreival - INFO - Data Entered 50
01-Feb-22 12:17:00 - TweetRetreival - INFO - Data Entered 50
01-Feb-22 12:17:58 - TweetRetreival - INFO - Data Entered 50
01-Feb-22 12:20:11 - TweetRetreival - INFO - Data Entered 49
02-Feb-22 04:58:23 - TweetRetreival - INFO - Writing to TweetsAndReplies.csv ....
02-Feb-22 05:01:33 - TweetRetreival - INFO - Writing to TweetsAndReplies.csv ....
02-Feb-22 05:04:43 - TweetRetreival - INFO - Writing to TweetsAndReplies.csv ....
02-Feb-22 05:08:14 - TweetRetreival - INFO - Writing to TweetsAndReplies.csv ....
02-Feb-22 05:08:45 - TweetRetreival - ERROR - Failed to send request: HTTPSConnectionPool(host='api.twitter.com', port=443): Max retries exceeded with url: /1.1/statuses/home_timeline.json?max_id=1488695528435040258&include_rts=True&include_entities=False&count=2 (Caused by NewConnectionError('<urllib3.connection.VerifiedHTTPSConnection object at 0x000001DB26395EC8>: Failed to establish a new connection: [Errno 11001] getaddrinfo failed'))
Traceback (most recent call last):
  File "C:\Users\Aseta\Anaconda3\lib\site-packages\urllib3\connection.py", line 159, in _new_conn
    (self._dns_host, self.port), self.timeout, **extra_kw)
  File "C:\Users\Aseta\Anaconda3\lib\site-packages\urllib3\util\connection.py", line 57, in create_connection
    for res in socket.getaddrinfo(host, port, family, socket.SOCK_STREAM):
  File "C:\Users\Aseta\Anaconda3\lib\socket.py", line 748, in getaddrinfo
    for res in _socket.getaddrinfo(host, port, family, type, proto, flags):
socket.gaierror: [Errno 11001] getaddrinfo failed

During handling of the above exception, another exception occurred:

Traceback (most recent call last):
  File "C:\Users\Aseta\Anaconda3\lib\site-packages\urllib3\connectionpool.py", line 600, in urlopen
    chunked=chunked)
  File "C:\Users\Aseta\Anaconda3\lib\site-packages\urllib3\connectionpool.py", line 343, in _make_request
    self._validate_conn(conn)
  File "C:\Users\Aseta\Anaconda3\lib\site-packages\urllib3\connectionpool.py", line 839, in _validate_conn
    conn.connect()
  File "C:\Users\Aseta\Anaconda3\lib\site-packages\urllib3\connection.py", line 301, in connect
    conn = self._new_conn()
  File "C:\Users\Aseta\Anaconda3\lib\site-packages\urllib3\connection.py", line 168, in _new_conn
    self, "Failed to establish a new connection: %s" % e)
urllib3.exceptions.NewConnectionError: <urllib3.connection.VerifiedHTTPSConnection object at 0x000001DB26395EC8>: Failed to establish a new connection: [Errno 11001] getaddrinfo failed

During handling of the above exception, another exception occurred:

Traceback (most recent call last):
  File "C:\Users\Aseta\Anaconda3\lib\site-packages\requests\adapters.py", line 449, in send
    timeout=timeout
  File "C:\Users\Aseta\Anaconda3\lib\site-packages\urllib3\connectionpool.py", line 638, in urlopen
    _stacktrace=sys.exc_info()[2])
  File "C:\Users\Aseta\Anaconda3\lib\site-packages\urllib3\util\retry.py", line 399, in increment
    raise MaxRetryError(_pool, url, error or ResponseError(cause))
urllib3.exceptions.MaxRetryError: HTTPSConnectionPool(host='api.twitter.com', port=443): Max retries exceeded with url: /1.1/statuses/home_timeline.json?max_id=1488695528435040258&include_rts=True&include_entities=False&count=2 (Caused by NewConnectionError('<urllib3.connection.VerifiedHTTPSConnection object at 0x000001DB26395EC8>: Failed to establish a new connection: [Errno 11001] getaddrinfo failed'))

During handling of the above exception, another exception occurred:

Traceback (most recent call last):
  File "C:\Users\Aseta\Anaconda3\lib\site-packages\tweepy\binder.py", line 189, in execute
    proxies=self.api.proxy)
  File "C:\Users\Aseta\Anaconda3\lib\site-packages\requests\sessions.py", line 533, in request
    resp = self.send(prep, **send_kwargs)
  File "C:\Users\Aseta\Anaconda3\lib\site-packages\requests\sessions.py", line 646, in send
    r = adapter.send(request, **kwargs)
  File "C:\Users\Aseta\Anaconda3\lib\site-packages\requests\adapters.py", line 516, in send
    raise ConnectionError(e, request=request)
requests.exceptions.ConnectionError: HTTPSConnectionPool(host='api.twitter.com', port=443): Max retries exceeded with url: /1.1/statuses/home_timeline.json?max_id=1488695528435040258&include_rts=True&include_entities=False&count=2 (Caused by NewConnectionError('<urllib3.connection.VerifiedHTTPSConnection object at 0x000001DB26395EC8>: Failed to establish a new connection: [Errno 11001] getaddrinfo failed'))

During handling of the above exception, another exception occurred:

Traceback (most recent call last):
  File "c:/Users/Aseta/Desktop/D S/ML_AI/Twitter app/GetTweets.py", line 127, in <module>
    make_csv.GetTweetsAndReplies(api)
  File "c:/Users/Aseta/Desktop/D S/ML_AI/Twitter app/GetTweets.py", line 57, in GetTweetsAndReplies
    count=2).items():
  File "C:\Users\Aseta\Anaconda3\lib\site-packages\tweepy\cursor.py", line 47, in __next__
    return self.next()
  File "C:\Users\Aseta\Anaconda3\lib\site-packages\tweepy\cursor.py", line 195, in next
    self.current_page = self.page_iterator.next()
  File "C:\Users\Aseta\Anaconda3\lib\site-packages\tweepy\cursor.py", line 106, in next
    data = self.method(max_id=self.max_id, parser=RawParser(), *self.args, **self.kargs)
  File "C:\Users\Aseta\Anaconda3\lib\site-packages\tweepy\binder.py", line 250, in _call
    return method.execute()
  File "C:\Users\Aseta\Anaconda3\lib\site-packages\tweepy\binder.py", line 191, in execute
    six.reraise(TweepError, TweepError('Failed to send request: %s' % e), sys.exc_info()[2])
  File "C:\Users\Aseta\Anaconda3\lib\site-packages\six.py", line 692, in reraise
    raise value.with_traceback(tb)
  File "C:\Users\Aseta\Anaconda3\lib\site-packages\tweepy\binder.py", line 189, in execute
    proxies=self.api.proxy)
  File "C:\Users\Aseta\Anaconda3\lib\site-packages\requests\sessions.py", line 533, in request
    resp = self.send(prep, **send_kwargs)
  File "C:\Users\Aseta\Anaconda3\lib\site-packages\requests\sessions.py", line 646, in send
    r = adapter.send(request, **kwargs)
  File "C:\Users\Aseta\Anaconda3\lib\site-packages\requests\adapters.py", line 516, in send
    raise ConnectionError(e, request=request)
tweepy.error.TweepError: Failed to send request: HTTPSConnectionPool(host='api.twitter.com', port=443): Max retries exceeded with url: /1.1/statuses/home_timeline.json?max_id=1488695528435040258&include_rts=True&include_entities=False&count=2 (Caused by NewConnectionError('<urllib3.connection.VerifiedHTTPSConnection object at 0x000001DB26395EC8>: Failed to establish a new connection: [Errno 11001] getaddrinfo failed'))
02-Feb-22 05:20:24 - TweetRetreival - INFO - Writing to TweetsAndReplies.csv ....
02-Feb-22 05:23:18 - TweetRetreival - INFO - Writing to TweetsAndReplies.csv ....
02-Feb-22 05:25:36 - TweetRetreival - INFO - Writing to TweetsAndReplies.csv ....
02-Feb-22 05:27:20 - TweetRetreival - INFO - Writing to TweetsAndReplies.csv ....
02-Feb-22 05:28:45 - TweetRetreival - INFO - Writing to TweetsAndReplies.csv ....
02-Feb-22 05:50:20 - TweetRetreival - ERROR - The last entry was did not contain Tweet ID
02-Feb-22 05:50:21 - TweetRetreival - INFO - Writing to TweetsAndReplies.csv ....
02-Feb-22 05:50:36 - TweetRetreival - INFO - Number of entries added : 4
02-Feb-22 05:50:36 - TweetRetreival - INFO - ID of last retrieved tweet: 1488705923757613057
02-Feb-22 05:54:12 - TweetRetreival - INFO - Writing to TweetsAndReplies.csv ....
02-Feb-22 05:54:53 - TweetRetreival - INFO - Number of entries added : 12
02-Feb-22 05:54:53 - TweetRetreival - INFO - ID of last retrieved tweet: 1488705971815956481
